#
# A fatal error has been detected by the Java Runtime Environment:
#
#  EXCEPTION_ILLEGAL_INSTRUCTION (0xc000001d) at pc=0x000001534acaf9ab, pid=6716, tid=10140
#
# JRE version: Java(TM) SE Runtime Environment (11.0.2+9) (build 11.0.2+9-LTS)
# Java VM: Java HotSpot(TM) 64-Bit Server VM (11.0.2+9-LTS, mixed mode, tiered, compressed oops, g1 gc, windows-amd64)
# Problematic frame:
# J 894 c1 java.lang.invoke.MethodHandles$Lookup.getDirectMethodCommon(BLjava/lang/Class;Ljava/lang/invoke/MemberName;ZZLjava/lang/Class;)Ljava/lang/invoke/MethodHandle; java.base@11.0.2 (275 bytes) @ 0x000001534acaf9ab [0x000001534acaede0+0x0000000000000bcb]
#
# No core dump will be written. Minidumps are not enabled by default on client versions of Windows
#
# If you would like to submit a bug report, please visit:
#   http://bugreport.java.com/bugreport/crash.jsp
#

---------------  S U M M A R Y ------------

Command Line: -agentlib:jdwp=transport=dt_socket,address=127.0.0.1:50126,suspend=y,server=n -ea -Didea.test.cyclic.buffer.size=1048576 -javaagent:C:\Users\Jixun\.IdeaIC2019.1\system\groovyHotSwap\gragent.jar -javaagent:C:\Users\Jixun\.IdeaIC2019.1\system\captureAgent\debugger-agent.jar -Dfile.encoding=UTF-8 com.intellij.rt.execution.junit.JUnitStarter -ideVersion5 -junit5 uk.jixun.project.Simulator.SmSimulatorTest,simulateProgram1

Host: Intel(R) Core(TM) i5-6600K CPU @ 3.50GHz, 4 cores, 31G,  Windows 10 , 64 bit Build 17763 (10.0.17763.437)
Time: Fri Apr 19 03:31:13 2019 GMT Summer Time elapsed time: 0 seconds (0d 0h 0m 0s)

---------------  T H R E A D  ---------------

Current thread (0x0000015342252800):  JavaThread "main" [_thread_in_Java, id=10140, stack(0x000000467be00000,0x000000467bf00000)]

Stack: [0x000000467be00000,0x000000467bf00000],  sp=0x000000467befd920,  free space=1014k
Native frames: (J=compiled Java code, j=interpreted, Vv=VM code, C=native code)
C  0x000001534acaf9ab


siginfo: EXCEPTION_ILLEGAL_INSTRUCTION (0xc000001d)


Register to memory mapping:

RIP=0x000001534acaf9ab is at entry_point+3019 in (nmethod*)0x000001534acaea90
RAX=0x000000061f981b00 is an oop: java.lang.invoke.DirectMethodHandle 
{0x000000061f981b00} - klass: 'java/lang/invoke/DirectMethodHandle'
RBX=0x00000153710312a8 is pointing into metadata
RCX=0x0000000000000001 is an unknown value
RDX=0x000000061f981b00 is an oop: java.lang.invoke.DirectMethodHandle 
{0x000000061f981b00} - klass: 'java/lang/invoke/DirectMethodHandle'
RSP=0x000000467befd920 is pointing into the stack for thread: 0x0000015342252800
RBP=0x000000467befdae0 is pointing into the stack for thread: 0x0000015342252800
RSI=0x0 is NULL
RDI=0x000000061f981940 is an oop: java.lang.invoke.MemberName 
{0x000000061f981940} - klass: 'java/lang/invoke/MemberName'
R8 =0x000000061f9819a0 is an oop: java.lang.invoke.MethodType 
{0x000000061f9819a0} - klass: 'java/lang/invoke/MethodType'
R9 =0x000000062094d2a8 is an oop: java.lang.invoke.LambdaForm 
{0x000000062094d2a8} - klass: 'java/lang/invoke/LambdaForm'
R10=0x00000153401c1000 points into unknown readable memory: 00 00 00 00 00 00 00 00
R11=0x000001534ac84ca0 is at entry_point+0 in (nmethod*)0x000001534ac84a10
R12=0x0 is NULL
R13=0x000001534ac8972c is at entry_point+3532 in (nmethod*)0x000001534ac88590
R14=0x000000467befd7b0 is pointing into the stack for thread: 0x0000015342252800
R15=0x0000015342252800 is a thread


Registers:
RAX=0x000000061f981b00, RBX=0x00000153710312a8, RCX=0x0000000000000001, RDX=0x000000061f981b00
RSP=0x000000467befd920, RBP=0x000000467befdae0, RSI=0x0000000000000000, RDI=0x000000061f981940
R8 =0x000000061f9819a0, R9 =0x000000062094d2a8, R10=0x00000153401c1000, R11=0x000001534ac84ca0
R12=0x0000000000000000, R13=0x000001534ac8972c, R14=0x000000467befd7b0, R15=0x0000015342252800
RIP=0x000001534acaf9ab, EFLAGS=0x0000000000010202

Top of Stack: (sp=0x000000467befd920)
0x000000467befd920:   000001536fcdf6f8 000000061f9818e0
0x000000467befd930:   000000467befd990 000000061f981940
0x000000467befd940:   0000000000000000 000000061f981940
0x000000467befd950:   000000061f9766e8 000000061f9766e8
0x000000467befd960:   000000000000001f 00000006209232c0
0x000000467befd970:   00000006209232c0 0000000620802ed8
0x000000467befd980:   000000467befda88 000001534ac4cea4
0x000000467befd990:   000000467befdb78 0000000500000000
0x000000467befd9a0:   000000061f9818c8 000000061f9816b0
0x000000467befd9b0:   000000061f981940 0000000400000001
0x000000467befd9c0:   000000061f981910 00007ff803a96596
0x000000467befd9d0:   000000467befdfa0 0000000000000004
0x000000467befd9e0:   000000467befda88 000001534ac9319c
0x000000467befd9f0:   000000061f981940 000000061f9816b0
0x000000467befda00:   000000061f981b00 000000061f9818e0
0x000000467befda10:   000000061f981940 000000061f981940 

Instructions: (pc=0x000001534acaf9ab)
0x000001534acaf98b:   ff 48 89 84 24 e0 00 00 00 8b 8c 24 98 00 00 00
0x000001534acaf99b:   81 f9 00 49 b8 98 8a 05 71 53 01 00 00 48 ba 90
0x000001534acaf9ab:   07 00 00 00 00 00 00 0f 84 0a 00 00 00 48 ba a0
0x000001534acaf9bb:   07 00 00 00 00 00 00 49 8b 34 10 48 8d 76 01 49 


Stack slot to memory mapping:
stack at sp + 0 slots: 0x000001536fcdf6f8 points into unknown readable memory: 40 19 98 1f 06 00 00 00
stack at sp + 1 slots: 0x000000061f9818e0 is an oop: java.lang.invoke.MemberName 
{0x000000061f9818e0} - klass: 'java/lang/invoke/MemberName'
stack at sp + 2 slots: 0x000000467befd990 is pointing into the stack for thread: 0x0000015342252800
stack at sp + 3 slots: 0x000000061f981940 is an oop: java.lang.invoke.MemberName 
{0x000000061f981940} - klass: 'java/lang/invoke/MemberName'
stack at sp + 4 slots: 0x0 is NULL
stack at sp + 5 slots: 0x000000061f981940 is an oop: java.lang.invoke.MemberName 
{0x000000061f981940} - klass: 'java/lang/invoke/MemberName'
stack at sp + 6 slots: 0x000000061f9766e8 is an oop: java.lang.Class 
{0x000000061f9766e8} - klass: 'java/lang/Class'
stack at sp + 7 slots: 0x000000061f9766e8 is an oop: java.lang.Class 
{0x000000061f9766e8} - klass: 'java/lang/Class'



---------------  P R O C E S S  ---------------

Threads class SMR info:
_java_thread_list=0x000001536f7f3ff0, length=13, elements={
0x0000015342252800, 0x000001536f374800, 0x000001536f3a0800, 0x000001536f404800,
0x000001536f406800, 0x000001536f409000, 0x000001536f411800, 0x000001536f416800,
0x000001536f57f800, 0x000001536f65e000, 0x000001536f7a9800, 0x000001536f7b6800,
0x000001536f9b6000
}

Java Threads: ( => current thread )
=>0x0000015342252800 JavaThread "main" [_thread_in_Java, id=10140, stack(0x000000467be00000,0x000000467bf00000)]
  0x000001536f374800 JavaThread "Reference Handler" daemon [_thread_blocked, id=10404, stack(0x000000467c500000,0x000000467c600000)]
  0x000001536f3a0800 JavaThread "Finalizer" daemon [_thread_blocked, id=7784, stack(0x000000467c600000,0x000000467c700000)]
  0x000001536f404800 JavaThread "Signal Dispatcher" daemon [_thread_blocked, id=9732, stack(0x000000467c700000,0x000000467c800000)]
  0x000001536f406800 JavaThread "Attach Listener" daemon [_thread_blocked, id=12012, stack(0x000000467c800000,0x000000467c900000)]
  0x000001536f409000 JavaThread "C2 CompilerThread0" daemon [_thread_blocked, id=9012, stack(0x000000467c900000,0x000000467ca00000)]
  0x000001536f411800 JavaThread "C1 CompilerThread0" daemon [_thread_blocked, id=9644, stack(0x000000467ca00000,0x000000467cb00000)]
  0x000001536f416800 JavaThread "Sweeper thread" daemon [_thread_blocked, id=10284, stack(0x000000467cb00000,0x000000467cc00000)]
  0x000001536f57f800 JavaThread "Common-Cleaner" daemon [_thread_blocked, id=7064, stack(0x000000467cc00000,0x000000467cd00000)]
  0x000001536f65e000 JavaThread "JDWP Transport Listener: dt_socket" daemon [_thread_blocked, id=10044, stack(0x000000467cd00000,0x000000467ce00000)]
  0x000001536f7a9800 JavaThread "JDWP Event Helper Thread" daemon [_thread_blocked, id=8892, stack(0x000000467ce00000,0x000000467cf00000)]
  0x000001536f7b6800 JavaThread "JDWP Command Reader" daemon [_thread_in_native, id=5492, stack(0x000000467cf00000,0x000000467d000000)]
  0x000001536f9b6000 JavaThread "Service Thread" daemon [_thread_blocked, id=384, stack(0x000000467d100000,0x000000467d200000)]

Other Threads:
  0x000001536f370000 VMThread "VM Thread" [stack: 0x000000467c400000,0x000000467c500000] [id=8444]
  0x000001536f9b7000 WatcherThread [stack: 0x000000467d200000,0x000000467d300000] [id=11212]
  0x0000015342269800 GCTaskThread "GC Thread#0" [stack: 0x000000467bf00000,0x000000467c000000] [id=7424]
  0x00000153422e9800 ConcurrentGCThread "G1 Main Marker" [stack: 0x000000467c000000,0x000000467c100000] [id=13912]
  0x00000153422ea800 ConcurrentGCThread "G1 Conc#0" [stack: 0x000000467c100000,0x000000467c200000] [id=8000]
  0x000001536e9d4800 ConcurrentGCThread "G1 Refine#0" [stack: 0x000000467c200000,0x000000467c300000] [id=5740]
  0x000001536e9d6800 ConcurrentGCThread "G1 Young RemSet Sampling" [stack: 0x000000467c300000,0x000000467c400000] [id=8460]

Threads with active compile tasks:

VM state:not at safepoint (normal execution)

VM Mutex/Monitor currently owned by a thread: None

Heap address: 0x0000000600a00000, size: 8182 MB, Compressed Oops mode: Zero based, Oop shift amount: 3
Narrow klass base: 0x0000000800000000, Narrow klass shift: 0
Compressed class space size: 1073741824 Address: 0x0000000800000000

Heap:
 garbage-first heap   total 524288K, used 16384K [0x0000000600a00000, 0x0000000800000000)
  region size 2048K, 9 young (18432K), 0 survivors (0K)
 Metaspace       used 10416K, capacity 10773K, committed 11008K, reserved 1058816K
  class space    used 1053K, capacity 1185K, committed 1280K, reserved 1048576K
Heap Regions: E=young(eden), S=young(survivor), O=old, HS=humongous(starts), HC=humongous(continues), CS=collection set, F=free, A=archive, TAMS=top-at-mark-start (previous, next)
|   0|0x0000000600a00000, 0x0000000600a00000, 0x0000000600c00000|  0%| F|  |TAMS 0x0000000600a00000, 0x0000000600a00000| Untracked 
|   1|0x0000000600c00000, 0x0000000600c00000, 0x0000000600e00000|  0%| F|  |TAMS 0x0000000600c00000, 0x0000000600c00000| Untracked 
|   2|0x0000000600e00000, 0x0000000600e00000, 0x0000000601000000|  0%| F|  |TAMS 0x0000000600e00000, 0x0000000600e00000| Untracked 
|   3|0x0000000601000000, 0x0000000601000000, 0x0000000601200000|  0%| F|  |TAMS 0x0000000601000000, 0x0000000601000000| Untracked 
|   4|0x0000000601200000, 0x0000000601200000, 0x0000000601400000|  0%| F|  |TAMS 0x0000000601200000, 0x0000000601200000| Untracked 
|   5|0x0000000601400000, 0x0000000601400000, 0x0000000601600000|  0%| F|  |TAMS 0x0000000601400000, 0x0000000601400000| Untracked 
|   6|0x0000000601600000, 0x0000000601600000, 0x0000000601800000|  0%| F|  |TAMS 0x0000000601600000, 0x0000000601600000| Untracked 
|   7|0x0000000601800000, 0x0000000601800000, 0x0000000601a00000|  0%| F|  |TAMS 0x0000000601800000, 0x0000000601800000| Untracked 
|   8|0x0000000601a00000, 0x0000000601a00000, 0x0000000601c00000|  0%| F|  |TAMS 0x0000000601a00000, 0x0000000601a00000| Untracked 
|   9|0x0000000601c00000, 0x0000000601c00000, 0x0000000601e00000|  0%| F|  |TAMS 0x0000000601c00000, 0x0000000601c00000| Untracked 
|  10|0x0000000601e00000, 0x0000000601e00000, 0x0000000602000000|  0%| F|  |TAMS 0x0000000601e00000, 0x0000000601e00000| Untracked 
|  11|0x0000000602000000, 0x0000000602000000, 0x0000000602200000|  0%| F|  |TAMS 0x0000000602000000, 0x0000000602000000| Untracked 
|  12|0x0000000602200000, 0x0000000602200000, 0x0000000602400000|  0%| F|  |TAMS 0x0000000602200000, 0x0000000602200000| Untracked 
|  13|0x0000000602400000, 0x0000000602400000, 0x0000000602600000|  0%| F|  |TAMS 0x0000000602400000, 0x0000000602400000| Untracked 
|  14|0x0000000602600000, 0x0000000602600000, 0x0000000602800000|  0%| F|  |TAMS 0x0000000602600000, 0x0000000602600000| Untracked 
|  15|0x0000000602800000, 0x0000000602800000, 0x0000000602a00000|  0%| F|  |TAMS 0x0000000602800000, 0x0000000602800000| Untracked 
|  16|0x0000000602a00000, 0x0000000602a00000, 0x0000000602c00000|  0%| F|  |TAMS 0x0000000602a00000, 0x0000000602a00000| Untracked 
|  17|0x0000000602c00000, 0x0000000602c00000, 0x0000000602e00000|  0%| F|  |TAMS 0x0000000602c00000, 0x0000000602c00000| Untracked 
|  18|0x0000000602e00000, 0x0000000602e00000, 0x0000000603000000|  0%| F|  |TAMS 0x0000000602e00000, 0x0000000602e00000| Untracked 
|  19|0x0000000603000000, 0x0000000603000000, 0x0000000603200000|  0%| F|  |TAMS 0x0000000603000000, 0x0000000603000000| Untracked 
|  20|0x0000000603200000, 0x0000000603200000, 0x0000000603400000|  0%| F|  |TAMS 0x0000000603200000, 0x0000000603200000| Untracked 
|  21|0x0000000603400000, 0x0000000603400000, 0x0000000603600000|  0%| F|  |TAMS 0x0000000603400000, 0x0000000603400000| Untracked 
|  22|0x0000000603600000, 0x0000000603600000, 0x0000000603800000|  0%| F|  |TAMS 0x0000000603600000, 0x0000000603600000| Untracked 
|  23|0x0000000603800000, 0x0000000603800000, 0x0000000603a00000|  0%| F|  |TAMS 0x0000000603800000, 0x0000000603800000| Untracked 
|  24|0x0000000603a00000, 0x0000000603a00000, 0x0000000603c00000|  0%| F|  |TAMS 0x0000000603a00000, 0x0000000603a00000| Untracked 
|  25|0x0000000603c00000, 0x0000000603c00000, 0x0000000603e00000|  0%| F|  |TAMS 0x0000000603c00000, 0x0000000603c00000| Untracked 
|  26|0x0000000603e00000, 0x0000000603e00000, 0x0000000604000000|  0%| F|  |TAMS 0x0000000603e00000, 0x0000000603e00000| Untracked 
|  27|0x0000000604000000, 0x0000000604000000, 0x0000000604200000|  0%| F|  |TAMS 0x0000000604000000, 0x0000000604000000| Untracked 
|  28|0x0000000604200000, 0x0000000604200000, 0x0000000604400000|  0%| F|  |TAMS 0x0000000604200000, 0x0000000604200000| Untracked 
|  29|0x0000000604400000, 0x0000000604400000, 0x0000000604600000|  0%| F|  |TAMS 0x0000000604400000, 0x0000000604400000| Untracked 
|  30|0x0000000604600000, 0x0000000604600000, 0x0000000604800000|  0%| F|  |TAMS 0x0000000604600000, 0x0000000604600000| Untracked 
|  31|0x0000000604800000, 0x0000000604800000, 0x0000000604a00000|  0%| F|  |TAMS 0x0000000604800000, 0x0000000604800000| Untracked 
|  32|0x0000000604a00000, 0x0000000604a00000, 0x0000000604c00000|  0%| F|  |TAMS 0x0000000604a00000, 0x0000000604a00000| Untracked 
|  33|0x0000000604c00000, 0x0000000604c00000, 0x0000000604e00000|  0%| F|  |TAMS 0x0000000604c00000, 0x0000000604c00000| Untracked 
|  34|0x0000000604e00000, 0x0000000604e00000, 0x0000000605000000|  0%| F|  |TAMS 0x0000000604e00000, 0x0000000604e00000| Untracked 
|  35|0x0000000605000000, 0x0000000605000000, 0x0000000605200000|  0%| F|  |TAMS 0x0000000605000000, 0x0000000605000000| Untracked 
|  36|0x0000000605200000, 0x0000000605200000, 0x0000000605400000|  0%| F|  |TAMS 0x0000000605200000, 0x0000000605200000| Untracked 
|  37|0x0000000605400000, 0x0000000605400000, 0x0000000605600000|  0%| F|  |TAMS 0x0000000605400000, 0x0000000605400000| Untracked 
|  38|0x0000000605600000, 0x0000000605600000, 0x0000000605800000|  0%| F|  |TAMS 0x0000000605600000, 0x0000000605600000| Untracked 
|  39|0x0000000605800000, 0x0000000605800000, 0x0000000605a00000|  0%| F|  |TAMS 0x0000000605800000, 0x0000000605800000| Untracked 
|  40|0x0000000605a00000, 0x0000000605a00000, 0x0000000605c00000|  0%| F|  |TAMS 0x0000000605a00000, 0x0000000605a00000| Untracked 
|  41|0x0000000605c00000, 0x0000000605c00000, 0x0000000605e00000|  0%| F|  |TAMS 0x0000000605c00000, 0x0000000605c00000| Untracked 
|  42|0x0000000605e00000, 0x0000000605e00000, 0x0000000606000000|  0%| F|  |TAMS 0x0000000605e00000, 0x0000000605e00000| Untracked 
|  43|0x0000000606000000, 0x0000000606000000, 0x0000000606200000|  0%| F|  |TAMS 0x0000000606000000, 0x0000000606000000| Untracked 
|  44|0x0000000606200000, 0x0000000606200000, 0x0000000606400000|  0%| F|  |TAMS 0x0000000606200000, 0x0000000606200000| Untracked 
|  45|0x0000000606400000, 0x0000000606400000, 0x0000000606600000|  0%| F|  |TAMS 0x0000000606400000, 0x0000000606400000| Untracked 
|  46|0x0000000606600000, 0x0000000606600000, 0x0000000606800000|  0%| F|  |TAMS 0x0000000606600000, 0x0000000606600000| Untracked 
|  47|0x0000000606800000, 0x0000000606800000, 0x0000000606a00000|  0%| F|  |TAMS 0x0000000606800000, 0x0000000606800000| Untracked 
|  48|0x0000000606a00000, 0x0000000606a00000, 0x0000000606c00000|  0%| F|  |TAMS 0x0000000606a00000, 0x0000000606a00000| Untracked 
|  49|0x0000000606c00000, 0x0000000606c00000, 0x0000000606e00000|  0%| F|  |TAMS 0x0000000606c00000, 0x0000000606c00000| Untracked 
|  50|0x0000000606e00000, 0x0000000606e00000, 0x0000000607000000|  0%| F|  |TAMS 0x0000000606e00000, 0x0000000606e00000| Untracked 
|  51|0x0000000607000000, 0x0000000607000000, 0x0000000607200000|  0%| F|  |TAMS 0x0000000607000000, 0x0000000607000000| Untracked 
|  52|0x0000000607200000, 0x0000000607200000, 0x0000000607400000|  0%| F|  |TAMS 0x0000000607200000, 0x0000000607200000| Untracked 
|  53|0x0000000607400000, 0x0000000607400000, 0x0000000607600000|  0%| F|  |TAMS 0x0000000607400000, 0x0000000607400000| Untracked 
|  54|0x0000000607600000, 0x0000000607600000, 0x0000000607800000|  0%| F|  |TAMS 0x0000000607600000, 0x0000000607600000| Untracked 
|  55|0x0000000607800000, 0x0000000607800000, 0x0000000607a00000|  0%| F|  |TAMS 0x0000000607800000, 0x0000000607800000| Untracked 
|  56|0x0000000607a00000, 0x0000000607a00000, 0x0000000607c00000|  0%| F|  |TAMS 0x0000000607a00000, 0x0000000607a00000| Untracked 
|  57|0x0000000607c00000, 0x0000000607c00000, 0x0000000607e00000|  0%| F|  |TAMS 0x0000000607c00000, 0x0000000607c00000| Untracked 
|  58|0x0000000607e00000, 0x0000000607e00000, 0x0000000608000000|  0%| F|  |TAMS 0x0000000607e00000, 0x0000000607e00000| Untracked 
|  59|0x0000000608000000, 0x0000000608000000, 0x0000000608200000|  0%| F|  |TAMS 0x0000000608000000, 0x0000000608000000| Untracked 
|  60|0x0000000608200000, 0x0000000608200000, 0x0000000608400000|  0%| F|  |TAMS 0x0000000608200000, 0x0000000608200000| Untracked 
|  61|0x0000000608400000, 0x0000000608400000, 0x0000000608600000|  0%| F|  |TAMS 0x0000000608400000, 0x0000000608400000| Untracked 
|  62|0x0000000608600000, 0x0000000608600000, 0x0000000608800000|  0%| F|  |TAMS 0x0000000608600000, 0x0000000608600000| Untracked 
|  63|0x0000000608800000, 0x0000000608800000, 0x0000000608a00000|  0%| F|  |TAMS 0x0000000608800000, 0x0000000608800000| Untracked 
|  64|0x0000000608a00000, 0x0000000608a00000, 0x0000000608c00000|  0%| F|  |TAMS 0x0000000608a00000, 0x0000000608a00000| Untracked 
|  65|0x0000000608c00000, 0x0000000608c00000, 0x0000000608e00000|  0%| F|  |TAMS 0x0000000608c00000, 0x0000000608c00000| Untracked 
|  66|0x0000000608e00000, 0x0000000608e00000, 0x0000000609000000|  0%| F|  |TAMS 0x0000000608e00000, 0x0000000608e00000| Untracked 
|  67|0x0000000609000000, 0x0000000609000000, 0x0000000609200000|  0%| F|  |TAMS 0x0000000609000000, 0x0000000609000000| Untracked 
|  68|0x0000000609200000, 0x0000000609200000, 0x0000000609400000|  0%| F|  |TAMS 0x0000000609200000, 0x0000000609200000| Untracked 
|  69|0x0000000609400000, 0x0000000609400000, 0x0000000609600000|  0%| F|  |TAMS 0x0000000609400000, 0x0000000609400000| Untracked 
|  70|0x0000000609600000, 0x0000000609600000, 0x0000000609800000|  0%| F|  |TAMS 0x0000000609600000, 0x0000000609600000| Untracked 
|  71|0x0000000609800000, 0x0000000609800000, 0x0000000609a00000|  0%| F|  |TAMS 0x0000000609800000, 0x0000000609800000| Untracked 
|  72|0x0000000609a00000, 0x0000000609a00000, 0x0000000609c00000|  0%| F|  |TAMS 0x0000000609a00000, 0x0000000609a00000| Untracked 
|  73|0x0000000609c00000, 0x0000000609c00000, 0x0000000609e00000|  0%| F|  |TAMS 0x0000000609c00000, 0x0000000609c00000| Untracked 
|  74|0x0000000609e00000, 0x0000000609e00000, 0x000000060a000000|  0%| F|  |TAMS 0x0000000609e00000, 0x0000000609e00000| Untracked 
|  75|0x000000060a000000, 0x000000060a000000, 0x000000060a200000|  0%| F|  |TAMS 0x000000060a000000, 0x000000060a000000| Untracked 
|  76|0x000000060a200000, 0x000000060a200000, 0x000000060a400000|  0%| F|  |TAMS 0x000000060a200000, 0x000000060a200000| Untracked 
|  77|0x000000060a400000, 0x000000060a400000, 0x000000060a600000|  0%| F|  |TAMS 0x000000060a400000, 0x000000060a400000| Untracked 
|  78|0x000000060a600000, 0x000000060a600000, 0x000000060a800000|  0%| F|  |TAMS 0x000000060a600000, 0x000000060a600000| Untracked 
|  79|0x000000060a800000, 0x000000060a800000, 0x000000060aa00000|  0%| F|  |TAMS 0x000000060a800000, 0x000000060a800000| Untracked 
|  80|0x000000060aa00000, 0x000000060aa00000, 0x000000060ac00000|  0%| F|  |TAMS 0x000000060aa00000, 0x000000060aa00000| Untracked 
|  81|0x000000060ac00000, 0x000000060ac00000, 0x000000060ae00000|  0%| F|  |TAMS 0x000000060ac00000, 0x000000060ac00000| Untracked 
|  82|0x000000060ae00000, 0x000000060ae00000, 0x000000060b000000|  0%| F|  |TAMS 0x000000060ae00000, 0x000000060ae00000| Untracked 
|  83|0x000000060b000000, 0x000000060b000000, 0x000000060b200000|  0%| F|  |TAMS 0x000000060b000000, 0x000000060b000000| Untracked 
|  84|0x000000060b200000, 0x000000060b200000, 0x000000060b400000|  0%| F|  |TAMS 0x000000060b200000, 0x000000060b200000| Untracked 
|  85|0x000000060b400000, 0x000000060b400000, 0x000000060b600000|  0%| F|  |TAMS 0x000000060b400000, 0x000000060b400000| Untracked 
|  86|0x000000060b600000, 0x000000060b600000, 0x000000060b800000|  0%| F|  |TAMS 0x000000060b600000, 0x000000060b600000| Untracked 
|  87|0x000000060b800000, 0x000000060b800000, 0x000000060ba00000|  0%| F|  |TAMS 0x000000060b800000, 0x000000060b800000| Untracked 
|  88|0x000000060ba00000, 0x000000060ba00000, 0x000000060bc00000|  0%| F|  |TAMS 0x000000060ba00000, 0x000000060ba00000| Untracked 
|  89|0x000000060bc00000, 0x000000060bc00000, 0x000000060be00000|  0%| F|  |TAMS 0x000000060bc00000, 0x000000060bc00000| Untracked 
|  90|0x000000060be00000, 0x000000060be00000, 0x000000060c000000|  0%| F|  |TAMS 0x000000060be00000, 0x000000060be00000| Untracked 
|  91|0x000000060c000000, 0x000000060c000000, 0x000000060c200000|  0%| F|  |TAMS 0x000000060c000000, 0x000000060c000000| Untracked 
|  92|0x000000060c200000, 0x000000060c200000, 0x000000060c400000|  0%| F|  |TAMS 0x000000060c200000, 0x000000060c200000| Untracked 
|  93|0x000000060c400000, 0x000000060c400000, 0x000000060c600000|  0%| F|  |TAMS 0x000000060c400000, 0x000000060c400000| Untracked 
|  94|0x000000060c600000, 0x000000060c600000, 0x000000060c800000|  0%| F|  |TAMS 0x000000060c600000, 0x000000060c600000| Untracked 
|  95|0x000000060c800000, 0x000000060c800000, 0x000000060ca00000|  0%| F|  |TAMS 0x000000060c800000, 0x000000060c800000| Untracked 
|  96|0x000000060ca00000, 0x000000060ca00000, 0x000000060cc00000|  0%| F|  |TAMS 0x000000060ca00000, 0x000000060ca00000| Untracked 
|  97|0x000000060cc00000, 0x000000060cc00000, 0x000000060ce00000|  0%| F|  |TAMS 0x000000060cc00000, 0x000000060cc00000| Untracked 
|  98|0x000000060ce00000, 0x000000060ce00000, 0x000000060d000000|  0%| F|  |TAMS 0x000000060ce00000, 0x000000060ce00000| Untracked 
|  99|0x000000060d000000, 0x000000060d000000, 0x000000060d200000|  0%| F|  |TAMS 0x000000060d000000, 0x000000060d000000| Untracked 
| 100|0x000000060d200000, 0x000000060d200000, 0x000000060d400000|  0%| F|  |TAMS 0x000000060d200000, 0x000000060d200000| Untracked 
| 101|0x000000060d400000, 0x000000060d400000, 0x000000060d600000|  0%| F|  |TAMS 0x000000060d400000, 0x000000060d400000| Untracked 
| 102|0x000000060d600000, 0x000000060d600000, 0x000000060d800000|  0%| F|  |TAMS 0x000000060d600000, 0x000000060d600000| Untracked 
| 103|0x000000060d800000, 0x000000060d800000, 0x000000060da00000|  0%| F|  |TAMS 0x000000060d800000, 0x000000060d800000| Untracked 
| 104|0x000000060da00000, 0x000000060da00000, 0x000000060dc00000|  0%| F|  |TAMS 0x000000060da00000, 0x000000060da00000| Untracked 
| 105|0x000000060dc00000, 0x000000060dc00000, 0x000000060de00000|  0%| F|  |TAMS 0x000000060dc00000, 0x000000060dc00000| Untracked 
| 106|0x000000060de00000, 0x000000060de00000, 0x000000060e000000|  0%| F|  |TAMS 0x000000060de00000, 0x000000060de00000| Untracked 
| 107|0x000000060e000000, 0x000000060e000000, 0x000000060e200000|  0%| F|  |TAMS 0x000000060e000000, 0x000000060e000000| Untracked 
| 108|0x000000060e200000, 0x000000060e200000, 0x000000060e400000|  0%| F|  |TAMS 0x000000060e200000, 0x000000060e200000| Untracked 
| 109|0x000000060e400000, 0x000000060e400000, 0x000000060e600000|  0%| F|  |TAMS 0x000000060e400000, 0x000000060e400000| Untracked 
| 110|0x000000060e600000, 0x000000060e600000, 0x000000060e800000|  0%| F|  |TAMS 0x000000060e600000, 0x000000060e600000| Untracked 
| 111|0x000000060e800000, 0x000000060e800000, 0x000000060ea00000|  0%| F|  |TAMS 0x000000060e800000, 0x000000060e800000| Untracked 
| 112|0x000000060ea00000, 0x000000060ea00000, 0x000000060ec00000|  0%| F|  |TAMS 0x000000060ea00000, 0x000000060ea00000| Untracked 
| 113|0x000000060ec00000, 0x000000060ec00000, 0x000000060ee00000|  0%| F|  |TAMS 0x000000060ec00000, 0x000000060ec00000| Untracked 
| 114|0x000000060ee00000, 0x000000060ee00000, 0x000000060f000000|  0%| F|  |TAMS 0x000000060ee00000, 0x000000060ee00000| Untracked 
| 115|0x000000060f000000, 0x000000060f000000, 0x000000060f200000|  0%| F|  |TAMS 0x000000060f000000, 0x000000060f000000| Untracked 
| 116|0x000000060f200000, 0x000000060f200000, 0x000000060f400000|  0%| F|  |TAMS 0x000000060f200000, 0x000000060f200000| Untracked 
| 117|0x000000060f400000, 0x000000060f400000, 0x000000060f600000|  0%| F|  |TAMS 0x000000060f400000, 0x000000060f400000| Untracked 
| 118|0x000000060f600000, 0x000000060f600000, 0x000000060f800000|  0%| F|  |TAMS 0x000000060f600000, 0x000000060f600000| Untracked 
| 119|0x000000060f800000, 0x000000060f800000, 0x000000060fa00000|  0%| F|  |TAMS 0x000000060f800000, 0x000000060f800000| Untracked 
| 120|0x000000060fa00000, 0x000000060fa00000, 0x000000060fc00000|  0%| F|  |TAMS 0x000000060fa00000, 0x000000060fa00000| Untracked 
| 121|0x000000060fc00000, 0x000000060fc00000, 0x000000060fe00000|  0%| F|  |TAMS 0x000000060fc00000, 0x000000060fc00000| Untracked 
| 122|0x000000060fe00000, 0x000000060fe00000, 0x0000000610000000|  0%| F|  |TAMS 0x000000060fe00000, 0x000000060fe00000| Untracked 
| 123|0x0000000610000000, 0x0000000610000000, 0x0000000610200000|  0%| F|  |TAMS 0x0000000610000000, 0x0000000610000000| Untracked 
| 124|0x0000000610200000, 0x0000000610200000, 0x0000000610400000|  0%| F|  |TAMS 0x0000000610200000, 0x0000000610200000| Untracked 
| 125|0x0000000610400000, 0x0000000610400000, 0x0000000610600000|  0%| F|  |TAMS 0x0000000610400000, 0x0000000610400000| Untracked 
| 126|0x0000000610600000, 0x0000000610600000, 0x0000000610800000|  0%| F|  |TAMS 0x0000000610600000, 0x0000000610600000| Untracked 
| 127|0x0000000610800000, 0x0000000610800000, 0x0000000610a00000|  0%| F|  |TAMS 0x0000000610800000, 0x0000000610800000| Untracked 
| 128|0x0000000610a00000, 0x0000000610a00000, 0x0000000610c00000|  0%| F|  |TAMS 0x0000000610a00000, 0x0000000610a00000| Untracked 
| 129|0x0000000610c00000, 0x0000000610c00000, 0x0000000610e00000|  0%| F|  |TAMS 0x0000000610c00000, 0x0000000610c00000| Untracked 
| 130|0x0000000610e00000, 0x0000000610e00000, 0x0000000611000000|  0%| F|  |TAMS 0x0000000610e00000, 0x0000000610e00000| Untracked 
| 131|0x0000000611000000, 0x0000000611000000, 0x0000000611200000|  0%| F|  |TAMS 0x0000000611000000, 0x0000000611000000| Untracked 
| 132|0x0000000611200000, 0x0000000611200000, 0x0000000611400000|  0%| F|  |TAMS 0x0000000611200000, 0x0000000611200000| Untracked 
| 133|0x0000000611400000, 0x0000000611400000, 0x0000000611600000|  0%| F|  |TAMS 0x0000000611400000, 0x0000000611400000| Untracked 
| 134|0x0000000611600000, 0x0000000611600000, 0x0000000611800000|  0%| F|  |TAMS 0x0000000611600000, 0x0000000611600000| Untracked 
| 135|0x0000000611800000, 0x0000000611800000, 0x0000000611a00000|  0%| F|  |TAMS 0x0000000611800000, 0x0000000611800000| Untracked 
| 136|0x0000000611a00000, 0x0000000611a00000, 0x0000000611c00000|  0%| F|  |TAMS 0x0000000611a00000, 0x0000000611a00000| Untracked 
| 137|0x0000000611c00000, 0x0000000611c00000, 0x0000000611e00000|  0%| F|  |TAMS 0x0000000611c00000, 0x0000000611c00000| Untracked 
| 138|0x0000000611e00000, 0x0000000611e00000, 0x0000000612000000|  0%| F|  |TAMS 0x0000000611e00000, 0x0000000611e00000| Untracked 
| 139|0x0000000612000000, 0x0000000612000000, 0x0000000612200000|  0%| F|  |TAMS 0x0000000612000000, 0x0000000612000000| Untracked 
| 140|0x0000000612200000, 0x0000000612200000, 0x0000000612400000|  0%| F|  |TAMS 0x0000000612200000, 0x0000000612200000| Untracked 
| 141|0x0000000612400000, 0x0000000612400000, 0x0000000612600000|  0%| F|  |TAMS 0x0000000612400000, 0x0000000612400000| Untracked 
| 142|0x0000000612600000, 0x0000000612600000, 0x0000000612800000|  0%| F|  |TAMS 0x0000000612600000, 0x0000000612600000| Untracked 
| 143|0x0000000612800000, 0x0000000612800000, 0x0000000612a00000|  0%| F|  |TAMS 0x0000000612800000, 0x0000000612800000| Untracked 
| 144|0x0000000612a00000, 0x0000000612a00000, 0x0000000612c00000|  0%| F|  |TAMS 0x0000000612a00000, 0x0000000612a00000| Untracked 
| 145|0x0000000612c00000, 0x0000000612c00000, 0x0000000612e00000|  0%| F|  |TAMS 0x0000000612c00000, 0x0000000612c00000| Untracked 
| 146|0x0000000612e00000, 0x0000000612e00000, 0x0000000613000000|  0%| F|  |TAMS 0x0000000612e00000, 0x0000000612e00000| Untracked 
| 147|0x0000000613000000, 0x0000000613000000, 0x0000000613200000|  0%| F|  |TAMS 0x0000000613000000, 0x0000000613000000| Untracked 
| 148|0x0000000613200000, 0x0000000613200000, 0x0000000613400000|  0%| F|  |TAMS 0x0000000613200000, 0x0000000613200000| Untracked 
| 149|0x0000000613400000, 0x0000000613400000, 0x0000000613600000|  0%| F|  |TAMS 0x0000000613400000, 0x0000000613400000| Untracked 
| 150|0x0000000613600000, 0x0000000613600000, 0x0000000613800000|  0%| F|  |TAMS 0x0000000613600000, 0x0000000613600000| Untracked 
| 151|0x0000000613800000, 0x0000000613800000, 0x0000000613a00000|  0%| F|  |TAMS 0x0000000613800000, 0x0000000613800000| Untracked 
| 152|0x0000000613a00000, 0x0000000613a00000, 0x0000000613c00000|  0%| F|  |TAMS 0x0000000613a00000, 0x0000000613a00000| Untracked 
| 153|0x0000000613c00000, 0x0000000613c00000, 0x0000000613e00000|  0%| F|  |TAMS 0x0000000613c00000, 0x0000000613c00000| Untracked 
| 154|0x0000000613e00000, 0x0000000613e00000, 0x0000000614000000|  0%| F|  |TAMS 0x0000000613e00000, 0x0000000613e00000| Untracked 
| 155|0x0000000614000000, 0x0000000614000000, 0x0000000614200000|  0%| F|  |TAMS 0x0000000614000000, 0x0000000614000000| Untracked 
| 156|0x0000000614200000, 0x0000000614200000, 0x0000000614400000|  0%| F|  |TAMS 0x0000000614200000, 0x0000000614200000| Untracked 
| 157|0x0000000614400000, 0x0000000614400000, 0x0000000614600000|  0%| F|  |TAMS 0x0000000614400000, 0x0000000614400000| Untracked 
| 158|0x0000000614600000, 0x0000000614600000, 0x0000000614800000|  0%| F|  |TAMS 0x0000000614600000, 0x0000000614600000| Untracked 
| 159|0x0000000614800000, 0x0000000614800000, 0x0000000614a00000|  0%| F|  |TAMS 0x0000000614800000, 0x0000000614800000| Untracked 
| 160|0x0000000614a00000, 0x0000000614a00000, 0x0000000614c00000|  0%| F|  |TAMS 0x0000000614a00000, 0x0000000614a00000| Untracked 
| 161|0x0000000614c00000, 0x0000000614c00000, 0x0000000614e00000|  0%| F|  |TAMS 0x0000000614c00000, 0x0000000614c00000| Untracked 
| 162|0x0000000614e00000, 0x0000000614e00000, 0x0000000615000000|  0%| F|  |TAMS 0x0000000614e00000, 0x0000000614e00000| Untracked 
| 163|0x0000000615000000, 0x0000000615000000, 0x0000000615200000|  0%| F|  |TAMS 0x0000000615000000, 0x0000000615000000| Untracked 
| 164|0x0000000615200000, 0x0000000615200000, 0x0000000615400000|  0%| F|  |TAMS 0x0000000615200000, 0x0000000615200000| Untracked 
| 165|0x0000000615400000, 0x0000000615400000, 0x0000000615600000|  0%| F|  |TAMS 0x0000000615400000, 0x0000000615400000| Untracked 
| 166|0x0000000615600000, 0x0000000615600000, 0x0000000615800000|  0%| F|  |TAMS 0x0000000615600000, 0x0000000615600000| Untracked 
| 167|0x0000000615800000, 0x0000000615800000, 0x0000000615a00000|  0%| F|  |TAMS 0x0000000615800000, 0x0000000615800000| Untracked 
| 168|0x0000000615a00000, 0x0000000615a00000, 0x0000000615c00000|  0%| F|  |TAMS 0x0000000615a00000, 0x0000000615a00000| Untracked 
| 169|0x0000000615c00000, 0x0000000615c00000, 0x0000000615e00000|  0%| F|  |TAMS 0x0000000615c00000, 0x0000000615c00000| Untracked 
| 170|0x0000000615e00000, 0x0000000615e00000, 0x0000000616000000|  0%| F|  |TAMS 0x0000000615e00000, 0x0000000615e00000| Untracked 
| 171|0x0000000616000000, 0x0000000616000000, 0x0000000616200000|  0%| F|  |TAMS 0x0000000616000000, 0x0000000616000000| Untracked 
| 172|0x0000000616200000, 0x0000000616200000, 0x0000000616400000|  0%| F|  |TAMS 0x0000000616200000, 0x0000000616200000| Untracked 
| 173|0x0000000616400000, 0x0000000616400000, 0x0000000616600000|  0%| F|  |TAMS 0x0000000616400000, 0x0000000616400000| Untracked 
| 174|0x0000000616600000, 0x0000000616600000, 0x0000000616800000|  0%| F|  |TAMS 0x0000000616600000, 0x0000000616600000| Untracked 
| 175|0x0000000616800000, 0x0000000616800000, 0x0000000616a00000|  0%| F|  |TAMS 0x0000000616800000, 0x0000000616800000| Untracked 
| 176|0x0000000616a00000, 0x0000000616a00000, 0x0000000616c00000|  0%| F|  |TAMS 0x0000000616a00000, 0x0000000616a00000| Untracked 
| 177|0x0000000616c00000, 0x0000000616c00000, 0x0000000616e00000|  0%| F|  |TAMS 0x0000000616c00000, 0x0000000616c00000| Untracked 
| 178|0x0000000616e00000, 0x0000000616e00000, 0x0000000617000000|  0%| F|  |TAMS 0x0000000616e00000, 0x0000000616e00000| Untracked 
| 179|0x0000000617000000, 0x0000000617000000, 0x0000000617200000|  0%| F|  |TAMS 0x0000000617000000, 0x0000000617000000| Untracked 
| 180|0x0000000617200000, 0x0000000617200000, 0x0000000617400000|  0%| F|  |TAMS 0x0000000617200000, 0x0000000617200000| Untracked 
| 181|0x0000000617400000, 0x0000000617400000, 0x0000000617600000|  0%| F|  |TAMS 0x0000000617400000, 0x0000000617400000| Untracked 
| 182|0x0000000617600000, 0x0000000617600000, 0x0000000617800000|  0%| F|  |TAMS 0x0000000617600000, 0x0000000617600000| Untracked 
| 183|0x0000000617800000, 0x0000000617800000, 0x0000000617a00000|  0%| F|  |TAMS 0x0000000617800000, 0x0000000617800000| Untracked 
| 184|0x0000000617a00000, 0x0000000617a00000, 0x0000000617c00000|  0%| F|  |TAMS 0x0000000617a00000, 0x0000000617a00000| Untracked 
| 185|0x0000000617c00000, 0x0000000617c00000, 0x0000000617e00000|  0%| F|  |TAMS 0x0000000617c00000, 0x0000000617c00000| Untracked 
| 186|0x0000000617e00000, 0x0000000617e00000, 0x0000000618000000|  0%| F|  |TAMS 0x0000000617e00000, 0x0000000617e00000| Untracked 
| 187|0x0000000618000000, 0x0000000618000000, 0x0000000618200000|  0%| F|  |TAMS 0x0000000618000000, 0x0000000618000000| Untracked 
| 188|0x0000000618200000, 0x0000000618200000, 0x0000000618400000|  0%| F|  |TAMS 0x0000000618200000, 0x0000000618200000| Untracked 
| 189|0x0000000618400000, 0x0000000618400000, 0x0000000618600000|  0%| F|  |TAMS 0x0000000618400000, 0x0000000618400000| Untracked 
| 190|0x0000000618600000, 0x0000000618600000, 0x0000000618800000|  0%| F|  |TAMS 0x0000000618600000, 0x0000000618600000| Untracked 
| 191|0x0000000618800000, 0x0000000618800000, 0x0000000618a00000|  0%| F|  |TAMS 0x0000000618800000, 0x0000000618800000| Untracked 
| 192|0x0000000618a00000, 0x0000000618a00000, 0x0000000618c00000|  0%| F|  |TAMS 0x0000000618a00000, 0x0000000618a00000| Untracked 
| 193|0x0000000618c00000, 0x0000000618c00000, 0x0000000618e00000|  0%| F|  |TAMS 0x0000000618c00000, 0x0000000618c00000| Untracked 
| 194|0x0000000618e00000, 0x0000000618e00000, 0x0000000619000000|  0%| F|  |TAMS 0x0000000618e00000, 0x0000000618e00000| Untracked 
| 195|0x0000000619000000, 0x0000000619000000, 0x0000000619200000|  0%| F|  |TAMS 0x0000000619000000, 0x0000000619000000| Untracked 
| 196|0x0000000619200000, 0x0000000619200000, 0x0000000619400000|  0%| F|  |TAMS 0x0000000619200000, 0x0000000619200000| Untracked 
| 197|0x0000000619400000, 0x0000000619400000, 0x0000000619600000|  0%| F|  |TAMS 0x0000000619400000, 0x0000000619400000| Untracked 
| 198|0x0000000619600000, 0x0000000619600000, 0x0000000619800000|  0%| F|  |TAMS 0x0000000619600000, 0x0000000619600000| Untracked 
| 199|0x0000000619800000, 0x0000000619800000, 0x0000000619a00000|  0%| F|  |TAMS 0x0000000619800000, 0x0000000619800000| Untracked 
| 200|0x0000000619a00000, 0x0000000619a00000, 0x0000000619c00000|  0%| F|  |TAMS 0x0000000619a00000, 0x0000000619a00000| Untracked 
| 201|0x0000000619c00000, 0x0000000619c00000, 0x0000000619e00000|  0%| F|  |TAMS 0x0000000619c00000, 0x0000000619c00000| Untracked 
| 202|0x0000000619e00000, 0x0000000619e00000, 0x000000061a000000|  0%| F|  |TAMS 0x0000000619e00000, 0x0000000619e00000| Untracked 
| 203|0x000000061a000000, 0x000000061a000000, 0x000000061a200000|  0%| F|  |TAMS 0x000000061a000000, 0x000000061a000000| Untracked 
| 204|0x000000061a200000, 0x000000061a200000, 0x000000061a400000|  0%| F|  |TAMS 0x000000061a200000, 0x000000061a200000| Untracked 
| 205|0x000000061a400000, 0x000000061a400000, 0x000000061a600000|  0%| F|  |TAMS 0x000000061a400000, 0x000000061a400000| Untracked 
| 206|0x000000061a600000, 0x000000061a600000, 0x000000061a800000|  0%| F|  |TAMS 0x000000061a600000, 0x000000061a600000| Untracked 
| 207|0x000000061a800000, 0x000000061a800000, 0x000000061aa00000|  0%| F|  |TAMS 0x000000061a800000, 0x000000061a800000| Untracked 
| 208|0x000000061aa00000, 0x000000061aa00000, 0x000000061ac00000|  0%| F|  |TAMS 0x000000061aa00000, 0x000000061aa00000| Untracked 
| 209|0x000000061ac00000, 0x000000061ac00000, 0x000000061ae00000|  0%| F|  |TAMS 0x000000061ac00000, 0x000000061ac00000| Untracked 
| 210|0x000000061ae00000, 0x000000061ae00000, 0x000000061b000000|  0%| F|  |TAMS 0x000000061ae00000, 0x000000061ae00000| Untracked 
| 211|0x000000061b000000, 0x000000061b000000, 0x000000061b200000|  0%| F|  |TAMS 0x000000061b000000, 0x000000061b000000| Untracked 
| 212|0x000000061b200000, 0x000000061b200000, 0x000000061b400000|  0%| F|  |TAMS 0x000000061b200000, 0x000000061b200000| Untracked 
| 213|0x000000061b400000, 0x000000061b400000, 0x000000061b600000|  0%| F|  |TAMS 0x000000061b400000, 0x000000061b400000| Untracked 
| 214|0x000000061b600000, 0x000000061b600000, 0x000000061b800000|  0%| F|  |TAMS 0x000000061b600000, 0x000000061b600000| Untracked 
| 215|0x000000061b800000, 0x000000061b800000, 0x000000061ba00000|  0%| F|  |TAMS 0x000000061b800000, 0x000000061b800000| Untracked 
| 216|0x000000061ba00000, 0x000000061ba00000, 0x000000061bc00000|  0%| F|  |TAMS 0x000000061ba00000, 0x000000061ba00000| Untracked 
| 217|0x000000061bc00000, 0x000000061bc00000, 0x000000061be00000|  0%| F|  |TAMS 0x000000061bc00000, 0x000000061bc00000| Untracked 
| 218|0x000000061be00000, 0x000000061be00000, 0x000000061c000000|  0%| F|  |TAMS 0x000000061be00000, 0x000000061be00000| Untracked 
| 219|0x000000061c000000, 0x000000061c000000, 0x000000061c200000|  0%| F|  |TAMS 0x000000061c000000, 0x000000061c000000| Untracked 
| 220|0x000000061c200000, 0x000000061c200000, 0x000000061c400000|  0%| F|  |TAMS 0x000000061c200000, 0x000000061c200000| Untracked 
| 221|0x000000061c400000, 0x000000061c400000, 0x000000061c600000|  0%| F|  |TAMS 0x000000061c400000, 0x000000061c400000| Untracked 
| 222|0x000000061c600000, 0x000000061c600000, 0x000000061c800000|  0%| F|  |TAMS 0x000000061c600000, 0x000000061c600000| Untracked 
| 223|0x000000061c800000, 0x000000061c800000, 0x000000061ca00000|  0%| F|  |TAMS 0x000000061c800000, 0x000000061c800000| Untracked 
| 224|0x000000061ca00000, 0x000000061ca00000, 0x000000061cc00000|  0%| F|  |TAMS 0x000000061ca00000, 0x000000061ca00000| Untracked 
| 225|0x000000061cc00000, 0x000000061cc00000, 0x000000061ce00000|  0%| F|  |TAMS 0x000000061cc00000, 0x000000061cc00000| Untracked 
| 226|0x000000061ce00000, 0x000000061ce00000, 0x000000061d000000|  0%| F|  |TAMS 0x000000061ce00000, 0x000000061ce00000| Untracked 
| 227|0x000000061d000000, 0x000000061d000000, 0x000000061d200000|  0%| F|  |TAMS 0x000000061d000000, 0x000000061d000000| Untracked 
| 228|0x000000061d200000, 0x000000061d200000, 0x000000061d400000|  0%| F|  |TAMS 0x000000061d200000, 0x000000061d200000| Untracked 
| 229|0x000000061d400000, 0x000000061d400000, 0x000000061d600000|  0%| F|  |TAMS 0x000000061d400000, 0x000000061d400000| Untracked 
| 230|0x000000061d600000, 0x000000061d600000, 0x000000061d800000|  0%| F|  |TAMS 0x000000061d600000, 0x000000061d600000| Untracked 
| 231|0x000000061d800000, 0x000000061d800000, 0x000000061da00000|  0%| F|  |TAMS 0x000000061d800000, 0x000000061d800000| Untracked 
| 232|0x000000061da00000, 0x000000061da00000, 0x000000061dc00000|  0%| F|  |TAMS 0x000000061da00000, 0x000000061da00000| Untracked 
| 233|0x000000061dc00000, 0x000000061dc00000, 0x000000061de00000|  0%| F|  |TAMS 0x000000061dc00000, 0x000000061dc00000| Untracked 
| 234|0x000000061de00000, 0x000000061de00000, 0x000000061e000000|  0%| F|  |TAMS 0x000000061de00000, 0x000000061de00000| Untracked 
| 235|0x000000061e000000, 0x000000061e000000, 0x000000061e200000|  0%| F|  |TAMS 0x000000061e000000, 0x000000061e000000| Untracked 
| 236|0x000000061e200000, 0x000000061e200000, 0x000000061e400000|  0%| F|  |TAMS 0x000000061e200000, 0x000000061e200000| Untracked 
| 237|0x000000061e400000, 0x000000061e400000, 0x000000061e600000|  0%| F|  |TAMS 0x000000061e400000, 0x000000061e400000| Untracked 
| 238|0x000000061e600000, 0x000000061e600000, 0x000000061e800000|  0%| F|  |TAMS 0x000000061e600000, 0x000000061e600000| Untracked 
| 239|0x000000061e800000, 0x000000061e800000, 0x000000061ea00000|  0%| F|  |TAMS 0x000000061e800000, 0x000000061e800000| Untracked 
| 240|0x000000061ea00000, 0x000000061ea00000, 0x000000061ec00000|  0%| F|  |TAMS 0x000000061ea00000, 0x000000061ea00000| Untracked 
| 241|0x000000061ec00000, 0x000000061ec00000, 0x000000061ee00000|  0%| F|  |TAMS 0x000000061ec00000, 0x000000061ec00000| Untracked 
| 242|0x000000061ee00000, 0x000000061ee00000, 0x000000061f000000|  0%| F|  |TAMS 0x000000061ee00000, 0x000000061ee00000| Untracked 
| 243|0x000000061f000000, 0x000000061f000000, 0x000000061f200000|  0%| F|  |TAMS 0x000000061f000000, 0x000000061f000000| Untracked 
| 244|0x000000061f200000, 0x000000061f200000, 0x000000061f400000|  0%| F|  |TAMS 0x000000061f200000, 0x000000061f200000| Untracked 
| 245|0x000000061f400000, 0x000000061f400000, 0x000000061f600000|  0%| F|  |TAMS 0x000000061f400000, 0x000000061f400000| Untracked 
| 246|0x000000061f600000, 0x000000061f600000, 0x000000061f800000|  0%| F|  |TAMS 0x000000061f600000, 0x000000061f600000| Untracked 
| 247|0x000000061f800000, 0x000000061f9ede40, 0x000000061fa00000| 96%| E|  |TAMS 0x000000061f800000, 0x000000061f800000| Complete 
| 248|0x000000061fa00000, 0x000000061fc00000, 0x000000061fc00000|100%| E|CS|TAMS 0x000000061fa00000, 0x000000061fa00000| Complete 
| 249|0x000000061fc00000, 0x000000061fe00000, 0x000000061fe00000|100%| E|CS|TAMS 0x000000061fc00000, 0x000000061fc00000| Complete 
| 250|0x000000061fe00000, 0x0000000620000000, 0x0000000620000000|100%| E|CS|TAMS 0x000000061fe00000, 0x000000061fe00000| Complete 
| 251|0x0000000620000000, 0x0000000620200000, 0x0000000620200000|100%| E|CS|TAMS 0x0000000620000000, 0x0000000620000000| Complete 
| 252|0x0000000620200000, 0x0000000620400000, 0x0000000620400000|100%| E|CS|TAMS 0x0000000620200000, 0x0000000620200000| Complete 
| 253|0x0000000620400000, 0x0000000620600000, 0x0000000620600000|100%| E|CS|TAMS 0x0000000620400000, 0x0000000620400000| Complete 
| 254|0x0000000620600000, 0x0000000620800000, 0x0000000620800000|100%| E|CS|TAMS 0x0000000620600000, 0x0000000620600000| Complete 
| 255|0x0000000620800000, 0x0000000620a00000, 0x0000000620a00000|100%| E|CS|TAMS 0x0000000620800000, 0x0000000620800000| Complete 

Card table byte_map: [0x000001535a570000,0x000001535b570000] _byte_map_base: 0x000001535756b000

Marking Bits (Prev, Next): (CMBitMap*) 0x00000153422d8858, (CMBitMap*) 0x00000153422d8890
 Prev Bits: [0x000001535c570000, 0x0000015364548000)
 Next Bits: [0x0000015364550000, 0x000001536c528000)

Polling page: 0x00000153401c0000

Metaspace:

Usage:
  Non-class:      9.36 MB capacity,     9.14 MB ( 98%) used,   195.62 KB (  2%) free+waste,    29.81 KB ( <1%) overhead. 
      Class:      1.16 MB capacity,     1.03 MB ( 89%) used,   116.91 KB ( 10%) free+waste,    14.63 KB (  1%) overhead. 
       Both:     10.52 MB capacity,    10.17 MB ( 97%) used,   312.52 KB (  3%) free+waste,    44.44 KB ( <1%) overhead. 

Virtual space:
  Non-class space:       10.00 MB reserved,       9.50 MB ( 95%) committed 
      Class space:        1.00 GB reserved,       1.25 MB ( <1%) committed 
             Both:        1.01 GB reserved,      10.75 MB (  1%) committed 

Chunk freelists:
   Non-Class:  1.50 KB
       Class:  0 bytes
        Both:  1.50 KB

CodeHeap 'non-profiled nmethods': size=120064Kb used=304Kb max_used=304Kb free=119759Kb
 bounds [0x0000015352030000, 0x00000153522a0000, 0x0000015359570000]
CodeHeap 'profiled nmethods': size=120000Kb used=1744Kb max_used=1744Kb free=118255Kb
 bounds [0x000001534ab00000, 0x000001534ad70000, 0x0000015352030000]
CodeHeap 'non-nmethods': size=5696Kb used=1152Kb max_used=1169Kb free=4543Kb
 bounds [0x000001534a570000, 0x000001534a7e0000, 0x000001534ab00000]
 total_blobs=1460 nmethods=903 adapters=276
 compilation: enabled
              stopped_count=0, restarted_count=0
 full_count=0

Compilation events (10 events):
Event: 0.524 Thread 0x000001536f411800  900       3       java.io.RandomAccessFile::readFully (45 bytes)
Event: 0.524 Thread 0x000001536f411800 nmethod 900 0x000001534acb2610 code [0x000001534acb2800, 0x000001534acb2be0]
Event: 0.524 Thread 0x000001536f411800  899       3       java.util.zip.ZipFile$ZipFileInflaterInputStream::fill (80 bytes)
Event: 0.525 Thread 0x000001536f411800 nmethod 899 0x000001534acb2d90 code [0x000001534acb2f80, 0x000001534acb3390]
Event: 0.525 Thread 0x000001536f409000 nmethod 852% 0x000001535207ac10 code [0x000001535207ade0, 0x000001535207b0f8]
Event: 0.525 Thread 0x000001536f409000  901 %     4       java.io.WinNTFileSystem::normalize @ 22 (143 bytes)
Event: 0.526 Thread 0x000001536f411800  902   !   3       jdk.internal.ref.PhantomCleanable::remove (60 bytes)
Event: 0.526 Thread 0x000001536f411800 nmethod 902 0x000001534acb3590 code [0x000001534acb3760, 0x000001534acb3cd8]
Event: 0.526 Thread 0x000001536f411800  903       3       java.lang.ref.Reference::clear (6 bytes)
Event: 0.526 Thread 0x000001536f411800 nmethod 903 0x000001534acb3e90 code [0x000001534acb4040, 0x000001534acb41d8]

GC Heap History (0 events):
No events

Deoptimization events (5 events):
Event: 0.196 Thread 0x0000015342252800 Uncommon trap: reason=unstable_if action=reinterpret pc=0x0000015352035e7c method=java.lang.String.isLatin1()Z @ 10 c2
Event: 0.318 Thread 0x0000015342252800 Uncommon trap: reason=unstable_if action=reinterpret pc=0x0000015352044004 method=java.io.WinNTFileSystem.isSlash(C)Z @ 9 c2
Event: 0.350 Thread 0x0000015342252800 Uncommon trap: reason=class_check action=maybe_recompile pc=0x000001535203e0ac method=java.util.HashMap.putVal(ILjava/lang/Object;Ljava/lang/Object;ZZ)Ljava/lang/Object; @ 253 c2
Event: 0.350 Thread 0x0000015342252800 Uncommon trap: reason=unstable_if action=reinterpret pc=0x000001535203e750 method=java.util.HashMap.putVal(ILjava/lang/Object;Ljava/lang/Object;ZZ)Ljava/lang/Object; @ 181 c2
Event: 0.411 Thread 0x0000015342252800 Uncommon trap: reason=unstable_if action=reinterpret pc=0x0000015352031cfc method=java.lang.String.isLatin1()Z @ 10 c2

Classes redefined (0 events):
No events

Internal exceptions (10 events):
Event: 0.424 Thread 0x0000015342252800 Exception <a 'java/lang/NoSuchMethodError'{0x000000061fc09618}: java.lang.invoke.DirectMethodHandle$Holder.invokeSpecialIFC(Ljava/lang/Object;Ljava/lang/Object;Ljava/lang/Object;Ljava/lang/Object;)I> (0x000000061fc09618) thrown at [t:/workspace/open/src/h
Event: 0.452 Thread 0x0000015342252800 Exception <a 'java/lang/IncompatibleClassChangeError'{0x000000061fd0e768}: Found class java.lang.Object, but interface was expected> (0x000000061fd0e768) thrown at [t:/workspace/open/src/hotspot/share/interpreter/linkResolver.cpp, line 838]
Event: 0.458 Thread 0x0000015342252800 Exception <a 'java/lang/NoSuchMethodError'{0x000000061fd83a00}: java.lang.invoke.DirectMethodHandle$Holder.invokeStaticInit(Ljava/lang/Object;Ljava/lang/Object;)I> (0x000000061fd83a00) thrown at [t:/workspace/open/src/hotspot/share/interpreter/linkResolve
Event: 0.467 Thread 0x0000015342252800 Exception <a 'java/lang/NoSuchMethodError'{0x000000061fdf18d0}: java.lang.invoke.DirectMethodHandle$Holder.invokeSpecialIFC(Ljava/lang/Object;Ljava/lang/Object;Ljava/lang/Object;Ljava/lang/Object;)Ljava/lang/Object;> (0x000000061fdf18d0) thrown at [t:/wor
Event: 0.480 Thread 0x0000015342252800 Exception <a 'java/lang/NoSuchMethodError'{0x000000061fa84700}: java.lang.invoke.DirectMethodHandle$Holder.invokeVirtual(Ljava/lang/Object;Ljava/lang/Object;Ljava/lang/Object;)I> (0x000000061fa84700) thrown at [t:/workspace/open/src/hotspot/share/interpre
Event: 0.482 Thread 0x0000015342252800 Exception <a 'java/lang/NoSuchMethodError'{0x000000061faa11c8}: java.lang.invoke.DirectMethodHandle$Holder.invokeInterface(Ljava/lang/Object;Ljava/lang/Object;)V> (0x000000061faa11c8) thrown at [t:/workspace/open/src/hotspot/share/interpreter/linkResolver
Event: 0.482 Thread 0x0000015342252800 Exception <a 'java/lang/IncompatibleClassChangeError'{0x000000061faa3e28}: Found class java.lang.Object, but interface was expected> (0x000000061faa3e28) thrown at [t:/workspace/open/src/hotspot/share/interpreter/linkResolver.cpp, line 838]
Event: 0.483 Thread 0x0000015342252800 Exception <a 'java/lang/NoSuchMethodError'{0x000000061fab3d48}: java.lang.invoke.DirectMethodHandle$Holder.invokeStatic(Ljava/lang/Object;Ljava/lang/Object;Ljava/lang/Object;Ljava/lang/Object;)V> (0x000000061fab3d48) thrown at [t:/workspace/open/src/hotsp
Event: 0.510 Thread 0x0000015342252800 Exception <a 'java/lang/NoSuchMethodError'{0x000000061f89d530}: java.lang.invoke.DirectMethodHandle$Holder.invokeInterface(Ljava/lang/Object;Ljava/lang/Object;Ljava/lang/Object;Ljava/lang/Object;)V> (0x000000061f89d530) thrown at [t:/workspace/open/src/ho
Event: 0.511 Thread 0x0000015342252800 Exception <a 'java/lang/IncompatibleClassChangeError'{0x000000061f8a02f0}: Found class java.lang.Object, but interface was expected> (0x000000061f8a02f0) thrown at [t:/workspace/open/src/hotspot/share/interpreter/linkResolver.cpp, line 838]

Events (10 events):
Event: 0.524 loading class org/junit/platform/engine/support/hierarchical/NodeTreeWalker
Event: 0.524 loading class org/junit/platform/engine/support/hierarchical/NodeTreeWalker done
Event: 0.525 loading class org/junit/platform/engine/support/hierarchical/LockManager
Event: 0.525 loading class org/junit/platform/engine/support/hierarchical/LockManager done
Event: 0.525 loading class java/util/concurrent/locks/ReadWriteLock
Event: 0.525 loading class java/util/concurrent/locks/ReadWriteLock done
Event: 0.525 loading class org/junit/platform/engine/support/hierarchical/ResourceLock
Event: 0.525 loading class org/junit/platform/engine/support/hierarchical/ResourceLock done
Event: 0.525 loading class org/junit/platform/engine/support/hierarchical/ExclusiveResource
Event: 0.525 loading class org/junit/platform/engine/support/hierarchical/ExclusiveResource done


Dynamic libraries:
0x00007ff61fcb0000 - 0x00007ff61fcf7000 	C:\Program Files\Java\jdk-11.0.2\bin\java.exe
0x00007ff8365c0000 - 0x00007ff8367ad000 	C:\WINDOWS\SYSTEM32\ntdll.dll
0x00007ff836040000 - 0x00007ff8360f3000 	C:\WINDOWS\System32\KERNEL32.DLL
0x00007ff832750000 - 0x00007ff8329e3000 	C:\WINDOWS\System32\KERNELBASE.dll
0x00007ff835950000 - 0x00007ff8359f3000 	C:\WINDOWS\System32\ADVAPI32.dll
0x00007ff835fa0000 - 0x00007ff83603e000 	C:\WINDOWS\System32\msvcrt.dll
0x00007ff835f00000 - 0x00007ff835f9e000 	C:\WINDOWS\System32\sechost.dll
0x00007ff833860000 - 0x00007ff833982000 	C:\WINDOWS\System32\RPCRT4.dll
0x00007ff835050000 - 0x00007ff8351e7000 	C:\WINDOWS\System32\USER32.dll
0x00007ff833830000 - 0x00007ff833850000 	C:\WINDOWS\System32\win32u.dll
0x00007ff833990000 - 0x00007ff8339b9000 	C:\WINDOWS\System32\GDI32.dll
0x00007ff833690000 - 0x00007ff83382a000 	C:\WINDOWS\System32\gdi32full.dll
0x00007ff832b20000 - 0x00007ff832bc0000 	C:\WINDOWS\System32\msvcp_win.dll
0x00007ff8329f0000 - 0x00007ff832aea000 	C:\WINDOWS\System32\ucrtbase.dll
0x00007ff8262b0000 - 0x00007ff826529000 	C:\WINDOWS\WinSxS\amd64_microsoft.windows.common-controls_6595b64144ccf1df_6.0.17763.437_none_05b63dca071e5dd6\COMCTL32.dll
0x00007ff835bd0000 - 0x00007ff835efc000 	C:\WINDOWS\System32\combase.dll
0x00007ff82dcd0000 - 0x00007ff82dcda000 	C:\WINDOWS\SYSTEM32\VERSION.dll
0x00007ff832df0000 - 0x00007ff832e6e000 	C:\WINDOWS\System32\bcryptPrimitives.dll
0x00007ff836560000 - 0x00007ff83658e000 	C:\WINDOWS\System32\IMM32.DLL
0x00007ff823840000 - 0x00007ff823856000 	C:\Program Files\Java\jdk-11.0.2\bin\vcruntime140.dll
0x00007ff823400000 - 0x00007ff8234aa000 	C:\Program Files\Java\jdk-11.0.2\bin\msvcp140.dll
0x00007ff8038a0000 - 0x00007ff8043c7000 	C:\Program Files\Java\jdk-11.0.2\bin\server\jvm.dll
0x00007ff833850000 - 0x00007ff833858000 	C:\WINDOWS\System32\PSAPI.DLL
0x00007ff821d00000 - 0x00007ff821d24000 	C:\WINDOWS\SYSTEM32\WINMM.dll
0x00007ff829ea0000 - 0x00007ff829ecd000 	C:\WINDOWS\SYSTEM32\WINMMBASE.dll
0x00007ff832bc0000 - 0x00007ff832c0a000 	C:\WINDOWS\System32\cfgmgr32.dll
0x00007ff82bb60000 - 0x00007ff82bb69000 	C:\WINDOWS\SYSTEM32\WSOCK32.dll
0x00007ff836100000 - 0x00007ff83616d000 	C:\WINDOWS\System32\WS2_32.dll
0x00007ff832670000 - 0x00007ff832681000 	C:\WINDOWS\System32\kernel.appcore.dll
0x00007ff823820000 - 0x00007ff823831000 	C:\Program Files\Java\jdk-11.0.2\bin\verify.dll
0x00007ff8270f0000 - 0x00007ff8272dd000 	C:\WINDOWS\SYSTEM32\DBGHELP.DLL
0x00007ff8270c0000 - 0x00007ff8270ea000 	C:\WINDOWS\SYSTEM32\dbgcore.DLL
0x00007ff823760000 - 0x00007ff823789000 	C:\Program Files\Java\jdk-11.0.2\bin\java.dll
0x00007ff823fe0000 - 0x00007ff824017000 	C:\Program Files\Java\jdk-11.0.2\bin\jdwp.dll
0x00007ff823d80000 - 0x00007ff823daf000 	C:\Program Files\Java\jdk-11.0.2\bin\instrument.dll
0x00007ff823740000 - 0x00007ff823756000 	C:\Program Files\Java\jdk-11.0.2\bin\zip.dll
0x00007ff82f3d0000 - 0x00007ff82f3da000 	C:\Program Files\Java\jdk-11.0.2\bin\jimage.dll
0x00007ff8339c0000 - 0x00007ff834eb0000 	C:\WINDOWS\System32\SHELL32.dll
0x00007ff835210000 - 0x00007ff8352b8000 	C:\WINDOWS\System32\shcore.dll
0x00007ff832f20000 - 0x00007ff83366a000 	C:\WINDOWS\System32\windows.storage.dll
0x00007ff832640000 - 0x00007ff832664000 	C:\WINDOWS\System32\profapi.dll
0x00007ff832690000 - 0x00007ff8326ed000 	C:\WINDOWS\System32\powrprof.dll
0x00007ff8353f0000 - 0x00007ff835442000 	C:\WINDOWS\System32\shlwapi.dll
0x00007ff833670000 - 0x00007ff833687000 	C:\WINDOWS\System32\cryptsp.dll
0x00007ff826680000 - 0x00007ff82668a000 	C:\Program Files\Java\jdk-11.0.2\bin\dt_socket.dll
0x00007ff831ea0000 - 0x00007ff831f07000 	C:\WINDOWS\system32\mswsock.dll
0x00007ff8234f0000 - 0x00007ff823509000 	C:\Program Files\Java\jdk-11.0.2\bin\net.dll
0x00007ff82be60000 - 0x00007ff82c036000 	C:\WINDOWS\SYSTEM32\urlmon.dll
0x00007ff82e660000 - 0x00007ff82e751000 	C:\WINDOWS\SYSTEM32\WINHTTP.dll
0x00007ff828140000 - 0x00007ff8283e8000 	C:\WINDOWS\SYSTEM32\iertutil.dll
0x00007ff832070000 - 0x00007ff83207c000 	C:\WINDOWS\SYSTEM32\CRYPTBASE.DLL
0x00007ff8234d0000 - 0x00007ff8234e3000 	C:\Program Files\Java\jdk-11.0.2\bin\nio.dll

dbghelp: loaded successfully - version: 4.0.5 - missing functions: none
symbol engine: initialized successfully - sym options: 0x614 - pdb path: .;C:\Program Files\Java\jdk-11.0.2\bin;C:\WINDOWS\SYSTEM32;C:\WINDOWS\WinSxS\amd64_microsoft.windows.common-controls_6595b64144ccf1df_6.0.17763.437_none_05b63dca071e5dd6;C:\Program Files\Java\jdk-11.0.2\bin\server

VM Arguments:
jvm_args: -agentlib:jdwp=transport=dt_socket,address=127.0.0.1:50126,suspend=y,server=n -ea -Didea.test.cyclic.buffer.size=1048576 -javaagent:C:\Users\Jixun\.IdeaIC2019.1\system\groovyHotSwap\gragent.jar -javaagent:C:\Users\Jixun\.IdeaIC2019.1\system\captureAgent\debugger-agent.jar -Dfile.encoding=UTF-8 
java_command: com.intellij.rt.execution.junit.JUnitStarter -ideVersion5 -junit5 uk.jixun.project.Simulator.SmSimulatorTest,simulateProgram1
java_class_path (initial): H:\IntelliJ IDEA Community Edition 2019.1.1\lib\idea_rt.jar;H:\IntelliJ IDEA Community Edition 2019.1.1\plugins\junit\lib\junit-rt.jar;H:\IntelliJ IDEA Community Edition 2019.1.1\plugins\junit\lib\junit5-rt.jar;E:\CS Project\StackMachineParser\out\test\classes;E:\CS Project\StackMachineParser\out\test\resources;E:\CS Project\StackMachineParser\out\production\classes;C:\Users\Jixun\.gradle\caches\modules-2\files-2.1\com.google.guava\guava\27.0.1-jre\bd41a290787b5301e63929676d792c507bbc00ae\guava-27.0.1-jre.jar;C:\Users\Jixun\.gradle\caches\modules-2\files-2.1\org.apache.commons\commons-lang3\3.8.1\6505a72a097d9270f7a9e7bf42c4238283247755\commons-lang3-3.8.1.jar;C:\Users\Jixun\.gradle\caches\modules-2\files-2.1\com.github.adedayo.intellij.sdk\forms_rt\142.1\b403f16c50f2b41747ded41cb971ab51bef8fb1c\forms_rt-142.1.jar;C:\Users\Jixun\.gradle\caches\modules-2\files-2.1\com.github.vlsi.mxgraph\jgraphx\3.9.8.1\e10723d4811701cc7247dcf0fdac5e5b5daaba17\jgraphx-3.9.8.1.jar;C:\Users\Jixun\.gradle\caches\modules-2\files-2.1\org.jetbrains\annotations\17.0.0\8ceead41f4e71821919dbdb7a9847608f1a938cb\annotations-17.0.0.jar;C:\Users\Jixun\.gradle\caches\modules-2\files-2.1\org.junit.platform\junit-platform-launcher\1.3.2\4c503033e9085087cf70d241142068f1e6bd8195\junit-platform-launcher-1.3.2.jar;C:\Users\Jixun\.gradle\caches\modules-2\files-2.1\org.junit.jupiter\junit-jupiter-engine\5.3.2\69350316a14c46d8f6c4c909e469ec9edf58c4f8\junit-jupiter-engine-5.3.2.jar;C:\Users\Jixun\.gradle\caches\modules-2\files-2.1\org.junit.jupiter\junit-jupiter-params\5.3.2\606c97428ba94d06022cef6d0ae44e1eaff8ca3d\junit-jupiter-params-5.3.2.jar;C:\Users\Jixun\.gradle\caches\modules-2\files-2.1\org.junit.vintage\junit-vintage-engine\5.3.2\247300b6ab11ffd1d83d8723bae99e27330b3e9e\junit-vintage-engine-5.3.2.jar;C:\Users\Jixun\.gradle\caches\modules-2\files-2.1\com.google.guava\failureaccess\1.0.1\1dcf1de382a0bf95a3d8b0849546c88bac1292c9\failureaccess-1.0.1.jar;C:\Users\Jixun\.grad
Launcher Type: SUN_STANDARD

[Global flags]
     intx CICompilerCount                          = 3                                         {product} {ergonomic}
     uint ConcGCThreads                            = 1                                         {product} {ergonomic}
     uint G1ConcRefinementThreads                  = 4                                         {product} {ergonomic}
   size_t G1HeapRegionSize                         = 2097152                                   {product} {ergonomic}
    uintx GCDrainStackTargetSize                   = 64                                        {product} {ergonomic}
   size_t InitialHeapSize                          = 536870912                                 {product} {ergonomic}
   size_t MarkStackSize                            = 4194304                                   {product} {ergonomic}
   size_t MaxHeapSize                              = 8579448832                                {product} {ergonomic}
   size_t MaxNewSize                               = 5146411008                                {product} {ergonomic}
   size_t MinHeapDeltaBytes                        = 2097152                                   {product} {ergonomic}
    uintx NonNMethodCodeHeapSize                   = 5830092                                {pd product} {ergonomic}
    uintx NonProfiledCodeHeapSize                  = 122914074                              {pd product} {ergonomic}
    uintx ProfiledCodeHeapSize                     = 122914074                              {pd product} {ergonomic}
    uintx ReservedCodeCacheSize                    = 251658240                              {pd product} {ergonomic}
     bool SegmentedCodeCache                       = true                                      {product} {ergonomic}
     bool UseCompressedClassPointers               = true                                 {lp64_product} {ergonomic}
     bool UseCompressedOops                        = true                                 {lp64_product} {ergonomic}
     bool UseG1GC                                  = true                                      {product} {ergonomic}
     bool UseLargePagesIndividualAllocation        = false                                  {pd product} {ergonomic}

Logging:
Log output configuration:
 #0: stdout all=warning uptime,level,tags
 #1: stderr all=off uptime,level,tags

Environment Variables:
JAVA_HOME=C:\Program Files\Java\jdk-11.0.2
PATH=C:\Python27\;C:\Python27\Scripts;C:\Program Files\NVIDIA GPU Computing Toolkit\CUDA\v10.1\bin;C:\Program Files\NVIDIA GPU Computing Toolkit\CUDA\v10.1\libnvvp;;C:\WINDOWS\system32;C:\WINDOWS;C:\WINDOWS\System32\Wbem;C:\WINDOWS\System32\WindowsPowerShell\v1.0\;C:\Program Files (x86)\Intel\Intel(R) Management Engine Components\DAL;C:\Program Files\Intel\Intel(R) Management Engine Components\DAL;C:\ProgramData\chocolatey\bin;C:\Program Files\Git\cmd;C:\Program Files\010 Editor;C:\Program Files (x86)\git-cola\bin;C:\WINDOWS\System32\OpenSSH\;C:\Program Files\dotnet\;H:\MiKTeX 2.9\miktex\bin\x64\;C:\Program Files (x86)\AOMEI Backupper;C:\Program Files (x86)\NVIDIA Corporation\PhysX\Common;C:\Program Files\NVIDIA Corporation\Nsight Compute 2019.1\;C:\Program Files\nodejs\;C:\Program Files\PuTTY\;C:\Program Files\Bandizip\;D:\bin\;D:\bin\x86\;D:\bin\x64\;"C:\Program Files\MPC-BE x64\";;C:\Users\Jixun\AppData\Local\Microsoft\WindowsApps;C:\Users\Jixun\AppData\Roaming\npm
USERNAME=Jixun
OS=Windows_NT
PROCESSOR_IDENTIFIER=Intel64 Family 6 Model 94 Stepping 3, GenuineIntel



---------------  S Y S T E M  ---------------

OS: Windows 10 , 64 bit Build 17763 (10.0.17763.437)

CPU:total 4 (initial active 4) (4 cores per cpu, 1 threads per core) family 6 model 94 stepping 3, cmov, cx8, fxsr, mmx, sse, sse2, sse3, ssse3, sse4.1, sse4.2, popcnt, avx, avx2, aes, clmul, erms, rtm, 3dnowpref, lzcnt, tsc, tscinvbit, bmi1, bmi2, adx, fma

Memory: 4k page, system-wide physical 32724M (24718M free)
TotalPageFile size 65492M (AvailPageFile size 53443M)
current process WorkingSet (physical memory assigned to process): 82M, peak: 82M
current process commit charge ("private bytes"): 612M, peak: 612M

vm_info: Java HotSpot(TM) 64-Bit Server VM (11.0.2+9-LTS) for windows-amd64 JRE (11.0.2+9-LTS), built on Jan 18 2019 05:24:10 by "mach5one" with MS VC++ 15.5 (VS2017)

END.
